2022-Apr-09 22:53:37 pm [main] INFO  core.WebDriverFactory - Chrome Browser invoked
2022-Apr-09 22:53:37 pm [main] INFO  core.WebDriverFactory - Driver maximized and implicit time out set to 20 seconds
2022-Apr-09 22:53:37 pm [main] INFO  stepdefs.StepDefs - Browser invoked.
2022-Apr-09 22:53:48 pm [main] INFO  core.WebDriverFactory - Browser navigated to the url: https://automationpractice.com
2022-Apr-09 22:53:48 pm [main] INFO  stepdefs.StepDefs - Browser navigated to URL: https://automationpractice.com
2022-Apr-09 22:53:48 pm [main] INFO  pageobjectmodel.CmnPageObjects - Page title matched: My Store
2022-Apr-09 22:53:48 pm [main] INFO  pageobjectmodel.CmnPageObjects - Browser navigated to URL: http://automationpractice.com/index.php
2022-Apr-09 22:53:48 pm [main] INFO  core.WebDriverFactory - Driver closed
2022-Apr-09 22:53:51 pm [main] INFO  core.WebDriverFactory - Chrome Browser invoked
2022-Apr-09 22:53:51 pm [main] INFO  core.WebDriverFactory - Driver maximized and implicit time out set to 20 seconds
2022-Apr-09 22:53:51 pm [main] INFO  stepdefs.StepDefs - Browser invoked.
2022-Apr-09 22:54:01 pm [main] INFO  core.WebDriverFactory - Browser navigated to the url: https://automationpractice.com
2022-Apr-09 22:54:01 pm [main] INFO  stepdefs.StepDefs - Browser navigated to URL: https://automationpractice.com
2022-Apr-09 22:54:01 pm [main] INFO  pageobjectmodel.CmnPageObjects - Logo is Display :> true
2022-Apr-09 22:54:02 pm [main] INFO  pageobjectmodel.CmnPageObjects - User successfully assert width and height 350 and 99
2022-Apr-09 22:54:02 pm [main] INFO  pageobjectmodel.CmnPageObjects - User successfully assert height and width 99 and 350
2022-Apr-09 22:54:02 pm [main] INFO  core.WebDriverFactory - Driver closed
2022-Apr-09 22:54:05 pm [main] INFO  core.WebDriverFactory - Chrome Browser invoked
2022-Apr-09 22:54:05 pm [main] INFO  core.WebDriverFactory - Driver maximized and implicit time out set to 20 seconds
2022-Apr-09 22:54:05 pm [main] INFO  stepdefs.StepDefs - Browser invoked.
2022-Apr-09 22:54:07 pm [main] INFO  core.WebDriverFactory - Browser navigated to the url: https://automationpractice.com
2022-Apr-09 22:54:07 pm [main] INFO  stepdefs.StepDefs - Browser navigated to URL: https://automationpractice.com
2022-Apr-09 22:54:27 pm [main] INFO  pageobjectmodel.CmnPageObjects - Product list: 
2022-Apr-09 22:54:38 pm [main] INFO  pageobjectmodel.CmnPageObjects - Count of Categories is:0
